[2026-02-05T21:20:22.284+0000] {processor.py:186} INFO - Started process (PID=1735) to work on /opt/airflow/dags/dq.py
[2026-02-05T21:20:22.286+0000] {processor.py:914} INFO - Processing file /opt/airflow/dags/dq.py for tasks to queue
[2026-02-05T21:20:22.288+0000] {logging_mixin.py:190} INFO - [2026-02-05T21:20:22.288+0000] {dagbag.py:588} INFO - Filling up the DagBag from /opt/airflow/dags/dq.py
[2026-02-05T21:20:22.442+0000] {processor.py:925} INFO - DAG(s) 'data_quality' retrieved from /opt/airflow/dags/dq.py
[2026-02-05T21:20:22.673+0000] {logging_mixin.py:190} INFO - [2026-02-05T21:20:22.672+0000] {override.py:1911} INFO - Created Permission View: can read on DAG:data_quality
[2026-02-05T21:20:22.686+0000] {logging_mixin.py:190} INFO - [2026-02-05T21:20:22.686+0000] {override.py:1911} INFO - Created Permission View: can edit on DAG:data_quality
[2026-02-05T21:20:22.700+0000] {logging_mixin.py:190} INFO - [2026-02-05T21:20:22.699+0000] {override.py:1911} INFO - Created Permission View: can delete on DAG:data_quality
[2026-02-05T21:20:22.710+0000] {logging_mixin.py:190} INFO - [2026-02-05T21:20:22.709+0000] {override.py:1911} INFO - Created Permission View: menu access on DAG Run:data_quality
[2026-02-05T21:20:22.718+0000] {logging_mixin.py:190} INFO - [2026-02-05T21:20:22.717+0000] {override.py:1911} INFO - Created Permission View: can read on DAG Run:data_quality
[2026-02-05T21:20:22.725+0000] {logging_mixin.py:190} INFO - [2026-02-05T21:20:22.725+0000] {override.py:1911} INFO - Created Permission View: can delete on DAG Run:data_quality
[2026-02-05T21:20:22.733+0000] {logging_mixin.py:190} INFO - [2026-02-05T21:20:22.733+0000] {override.py:1911} INFO - Created Permission View: can create on DAG Run:data_quality
[2026-02-05T21:20:22.734+0000] {logging_mixin.py:190} INFO - [2026-02-05T21:20:22.734+0000] {dag.py:3239} INFO - Sync 1 DAGs
[2026-02-05T21:20:22.749+0000] {logging_mixin.py:190} INFO - [2026-02-05T21:20:22.749+0000] {dag.py:3262} INFO - Creating ORM DAG for data_quality
[2026-02-05T21:20:22.750+0000] {logging_mixin.py:190} INFO - [2026-02-05T21:20:22.750+0000] {dag.py:4180} INFO - Setting next_dagrun for data_quality to None, run_after=None
[2026-02-05T21:20:22.773+0000] {processor.py:208} INFO - Processing /opt/airflow/dags/dq.py took 0.501 seconds
[2026-02-05T21:20:24.948+0000] {processor.py:186} INFO - Started process (PID=1746) to work on /opt/airflow/dags/dq.py
[2026-02-05T21:20:24.949+0000] {processor.py:914} INFO - Processing file /opt/airflow/dags/dq.py for tasks to queue
[2026-02-05T21:20:24.952+0000] {logging_mixin.py:190} INFO - [2026-02-05T21:20:24.951+0000] {dagbag.py:588} INFO - Filling up the DagBag from /opt/airflow/dags/dq.py
[2026-02-05T21:20:25.047+0000] {processor.py:925} INFO - DAG(s) 'data_quality' retrieved from /opt/airflow/dags/dq.py
[2026-02-05T21:20:25.073+0000] {logging_mixin.py:190} INFO - [2026-02-05T21:20:25.071+0000] {dag.py:3239} INFO - Sync 1 DAGs
[2026-02-05T21:20:25.110+0000] {logging_mixin.py:190} INFO - [2026-02-05T21:20:25.110+0000] {dag.py:4180} INFO - Setting next_dagrun for data_quality to 2026-02-05 20:10:00+00:00, run_after=2026-02-05 21:10:00+00:00
[2026-02-05T21:20:25.142+0000] {processor.py:208} INFO - Processing /opt/airflow/dags/dq.py took 0.205 seconds
[2026-02-05T21:20:25.213+0000] {processor.py:186} INFO - Started process (PID=1752) to work on /opt/airflow/dags/dq.py
[2026-02-05T21:20:25.215+0000] {processor.py:914} INFO - Processing file /opt/airflow/dags/dq.py for tasks to queue
[2026-02-05T21:20:25.217+0000] {logging_mixin.py:190} INFO - [2026-02-05T21:20:25.216+0000] {dagbag.py:588} INFO - Filling up the DagBag from /opt/airflow/dags/dq.py
[2026-02-05T21:20:25.317+0000] {processor.py:925} INFO - DAG(s) 'data_quality' retrieved from /opt/airflow/dags/dq.py
[2026-02-05T21:20:25.346+0000] {logging_mixin.py:190} INFO - [2026-02-05T21:20:25.344+0000] {dag.py:3239} INFO - Sync 1 DAGs
[2026-02-05T21:20:25.381+0000] {logging_mixin.py:190} INFO - [2026-02-05T21:20:25.381+0000] {dag.py:4180} INFO - Setting next_dagrun for data_quality to 2026-02-05 20:10:00+00:00, run_after=2026-02-05 21:10:00+00:00
[2026-02-05T21:20:25.407+0000] {processor.py:208} INFO - Processing /opt/airflow/dags/dq.py took 0.205 seconds
[2026-02-05T21:20:25.475+0000] {processor.py:186} INFO - Started process (PID=1758) to work on /opt/airflow/dags/dq.py
[2026-02-05T21:20:25.476+0000] {processor.py:914} INFO - Processing file /opt/airflow/dags/dq.py for tasks to queue
[2026-02-05T21:20:25.480+0000] {logging_mixin.py:190} INFO - [2026-02-05T21:20:25.479+0000] {dagbag.py:588} INFO - Filling up the DagBag from /opt/airflow/dags/dq.py
[2026-02-05T21:20:25.565+0000] {processor.py:925} INFO - DAG(s) 'data_quality' retrieved from /opt/airflow/dags/dq.py
[2026-02-05T21:20:25.588+0000] {logging_mixin.py:190} INFO - [2026-02-05T21:20:25.586+0000] {dag.py:3239} INFO - Sync 1 DAGs
[2026-02-05T21:20:25.623+0000] {logging_mixin.py:190} INFO - [2026-02-05T21:20:25.622+0000] {dag.py:4180} INFO - Setting next_dagrun for data_quality to 2026-02-05 20:10:00+00:00, run_after=2026-02-05 21:10:00+00:00
[2026-02-05T21:20:25.643+0000] {processor.py:208} INFO - Processing /opt/airflow/dags/dq.py took 0.178 seconds
[2026-02-05T21:20:25.706+0000] {processor.py:186} INFO - Started process (PID=1764) to work on /opt/airflow/dags/dq.py
[2026-02-05T21:20:25.707+0000] {processor.py:914} INFO - Processing file /opt/airflow/dags/dq.py for tasks to queue
[2026-02-05T21:20:25.711+0000] {logging_mixin.py:190} INFO - [2026-02-05T21:20:25.710+0000] {dagbag.py:588} INFO - Filling up the DagBag from /opt/airflow/dags/dq.py
[2026-02-05T21:20:25.800+0000] {processor.py:925} INFO - DAG(s) 'data_quality' retrieved from /opt/airflow/dags/dq.py
[2026-02-05T21:20:25.841+0000] {logging_mixin.py:190} INFO - [2026-02-05T21:20:25.833+0000] {dag.py:3239} INFO - Sync 1 DAGs
[2026-02-05T21:20:25.875+0000] {logging_mixin.py:190} INFO - [2026-02-05T21:20:25.875+0000] {dag.py:4180} INFO - Setting next_dagrun for data_quality to 2026-02-05 20:10:00+00:00, run_after=2026-02-05 21:10:00+00:00
[2026-02-05T21:20:25.903+0000] {processor.py:208} INFO - Processing /opt/airflow/dags/dq.py took 0.206 seconds
[2026-02-05T21:20:25.974+0000] {processor.py:186} INFO - Started process (PID=1770) to work on /opt/airflow/dags/dq.py
[2026-02-05T21:20:25.976+0000] {processor.py:914} INFO - Processing file /opt/airflow/dags/dq.py for tasks to queue
[2026-02-05T21:20:25.980+0000] {logging_mixin.py:190} INFO - [2026-02-05T21:20:25.979+0000] {dagbag.py:588} INFO - Filling up the DagBag from /opt/airflow/dags/dq.py
[2026-02-05T21:20:26.076+0000] {processor.py:925} INFO - DAG(s) 'data_quality' retrieved from /opt/airflow/dags/dq.py
[2026-02-05T21:20:26.103+0000] {logging_mixin.py:190} INFO - [2026-02-05T21:20:26.100+0000] {dag.py:3239} INFO - Sync 1 DAGs
[2026-02-05T21:20:26.142+0000] {logging_mixin.py:190} INFO - [2026-02-05T21:20:26.141+0000] {dag.py:4180} INFO - Setting next_dagrun for data_quality to 2026-02-05 20:10:00+00:00, run_after=2026-02-05 21:10:00+00:00
[2026-02-05T21:20:26.172+0000] {processor.py:208} INFO - Processing /opt/airflow/dags/dq.py took 0.208 seconds
[2026-02-05T21:20:56.764+0000] {processor.py:186} INFO - Started process (PID=1803) to work on /opt/airflow/dags/dq.py
[2026-02-05T21:20:56.765+0000] {processor.py:914} INFO - Processing file /opt/airflow/dags/dq.py for tasks to queue
[2026-02-05T21:20:56.767+0000] {logging_mixin.py:190} INFO - [2026-02-05T21:20:56.767+0000] {dagbag.py:588} INFO - Filling up the DagBag from /opt/airflow/dags/dq.py
[2026-02-05T21:20:56.859+0000] {processor.py:925} INFO - DAG(s) 'data_quality' retrieved from /opt/airflow/dags/dq.py
[2026-02-05T21:20:57.003+0000] {logging_mixin.py:190} INFO - [2026-02-05T21:20:57.003+0000] {dag.py:3239} INFO - Sync 1 DAGs
[2026-02-05T21:20:57.030+0000] {logging_mixin.py:190} INFO - [2026-02-05T21:20:57.029+0000] {dag.py:4180} INFO - Setting next_dagrun for data_quality to 2026-02-05 21:10:00+00:00, run_after=2026-02-05 22:10:00+00:00
[2026-02-05T21:20:57.052+0000] {processor.py:208} INFO - Processing /opt/airflow/dags/dq.py took 0.300 seconds
[2026-02-05T21:21:27.377+0000] {processor.py:186} INFO - Started process (PID=1820) to work on /opt/airflow/dags/dq.py
[2026-02-05T21:21:27.378+0000] {processor.py:914} INFO - Processing file /opt/airflow/dags/dq.py for tasks to queue
[2026-02-05T21:21:27.380+0000] {logging_mixin.py:190} INFO - [2026-02-05T21:21:27.380+0000] {dagbag.py:588} INFO - Filling up the DagBag from /opt/airflow/dags/dq.py
[2026-02-05T21:21:27.555+0000] {processor.py:925} INFO - DAG(s) 'data_quality' retrieved from /opt/airflow/dags/dq.py
[2026-02-05T21:21:27.611+0000] {logging_mixin.py:190} INFO - [2026-02-05T21:21:27.609+0000] {dag.py:3239} INFO - Sync 1 DAGs
[2026-02-05T21:21:27.653+0000] {logging_mixin.py:190} INFO - [2026-02-05T21:21:27.653+0000] {dag.py:4180} INFO - Setting next_dagrun for data_quality to 2026-02-05 21:10:00+00:00, run_after=2026-02-05 22:10:00+00:00
[2026-02-05T21:21:27.683+0000] {processor.py:208} INFO - Processing /opt/airflow/dags/dq.py took 0.325 seconds
[2026-02-05T21:21:58.191+0000] {processor.py:186} INFO - Started process (PID=1837) to work on /opt/airflow/dags/dq.py
[2026-02-05T21:21:58.192+0000] {processor.py:914} INFO - Processing file /opt/airflow/dags/dq.py for tasks to queue
[2026-02-05T21:21:58.195+0000] {logging_mixin.py:190} INFO - [2026-02-05T21:21:58.194+0000] {dagbag.py:588} INFO - Filling up the DagBag from /opt/airflow/dags/dq.py
[2026-02-05T21:21:58.295+0000] {processor.py:925} INFO - DAG(s) 'data_quality' retrieved from /opt/airflow/dags/dq.py
[2026-02-05T21:21:58.335+0000] {logging_mixin.py:190} INFO - [2026-02-05T21:21:58.334+0000] {dag.py:3239} INFO - Sync 1 DAGs
[2026-02-05T21:21:58.374+0000] {logging_mixin.py:190} INFO - [2026-02-05T21:21:58.374+0000] {dag.py:4180} INFO - Setting next_dagrun for data_quality to 2026-02-05 21:10:00+00:00, run_after=2026-02-05 22:10:00+00:00
[2026-02-05T21:21:58.397+0000] {processor.py:208} INFO - Processing /opt/airflow/dags/dq.py took 0.215 seconds
[2026-02-05T21:22:29.064+0000] {processor.py:186} INFO - Started process (PID=1854) to work on /opt/airflow/dags/dq.py
[2026-02-05T21:22:29.065+0000] {processor.py:914} INFO - Processing file /opt/airflow/dags/dq.py for tasks to queue
[2026-02-05T21:22:29.068+0000] {logging_mixin.py:190} INFO - [2026-02-05T21:22:29.066+0000] {dagbag.py:588} INFO - Filling up the DagBag from /opt/airflow/dags/dq.py
[2026-02-05T21:22:29.146+0000] {processor.py:925} INFO - DAG(s) 'data_quality' retrieved from /opt/airflow/dags/dq.py
[2026-02-05T21:22:29.182+0000] {logging_mixin.py:190} INFO - [2026-02-05T21:22:29.181+0000] {dag.py:3239} INFO - Sync 1 DAGs
[2026-02-05T21:22:29.213+0000] {logging_mixin.py:190} INFO - [2026-02-05T21:22:29.213+0000] {dag.py:4180} INFO - Setting next_dagrun for data_quality to 2026-02-05 21:10:00+00:00, run_after=2026-02-05 22:10:00+00:00
[2026-02-05T21:22:29.235+0000] {processor.py:208} INFO - Processing /opt/airflow/dags/dq.py took 0.183 seconds
[2026-02-05T21:22:59.918+0000] {processor.py:186} INFO - Started process (PID=1874) to work on /opt/airflow/dags/dq.py
[2026-02-05T21:22:59.919+0000] {processor.py:914} INFO - Processing file /opt/airflow/dags/dq.py for tasks to queue
[2026-02-05T21:22:59.921+0000] {logging_mixin.py:190} INFO - [2026-02-05T21:22:59.920+0000] {dagbag.py:588} INFO - Filling up the DagBag from /opt/airflow/dags/dq.py
[2026-02-05T21:23:00.044+0000] {processor.py:925} INFO - DAG(s) 'data_quality' retrieved from /opt/airflow/dags/dq.py
[2026-02-05T21:23:00.085+0000] {logging_mixin.py:190} INFO - [2026-02-05T21:23:00.084+0000] {dag.py:3239} INFO - Sync 1 DAGs
[2026-02-05T21:23:00.124+0000] {logging_mixin.py:190} INFO - [2026-02-05T21:23:00.124+0000] {dag.py:4180} INFO - Setting next_dagrun for data_quality to 2026-02-05 21:10:00+00:00, run_after=2026-02-05 22:10:00+00:00
[2026-02-05T21:23:00.163+0000] {processor.py:208} INFO - Processing /opt/airflow/dags/dq.py took 0.255 seconds
[2026-02-05T21:23:30.801+0000] {processor.py:186} INFO - Started process (PID=1891) to work on /opt/airflow/dags/dq.py
[2026-02-05T21:23:30.802+0000] {processor.py:914} INFO - Processing file /opt/airflow/dags/dq.py for tasks to queue
[2026-02-05T21:23:30.804+0000] {logging_mixin.py:190} INFO - [2026-02-05T21:23:30.804+0000] {dagbag.py:588} INFO - Filling up the DagBag from /opt/airflow/dags/dq.py
[2026-02-05T21:23:30.908+0000] {processor.py:925} INFO - DAG(s) 'data_quality' retrieved from /opt/airflow/dags/dq.py
[2026-02-05T21:23:30.951+0000] {logging_mixin.py:190} INFO - [2026-02-05T21:23:30.950+0000] {dag.py:3239} INFO - Sync 1 DAGs
[2026-02-05T21:23:30.994+0000] {logging_mixin.py:190} INFO - [2026-02-05T21:23:30.993+0000] {dag.py:4180} INFO - Setting next_dagrun for data_quality to 2026-02-05 21:10:00+00:00, run_after=2026-02-05 22:10:00+00:00
[2026-02-05T21:23:31.023+0000] {processor.py:208} INFO - Processing /opt/airflow/dags/dq.py took 0.234 seconds
[2026-02-05T21:24:01.632+0000] {processor.py:186} INFO - Started process (PID=1912) to work on /opt/airflow/dags/dq.py
[2026-02-05T21:24:01.633+0000] {processor.py:914} INFO - Processing file /opt/airflow/dags/dq.py for tasks to queue
[2026-02-05T21:24:01.635+0000] {logging_mixin.py:190} INFO - [2026-02-05T21:24:01.635+0000] {dagbag.py:588} INFO - Filling up the DagBag from /opt/airflow/dags/dq.py
[2026-02-05T21:24:01.721+0000] {processor.py:925} INFO - DAG(s) 'data_quality' retrieved from /opt/airflow/dags/dq.py
[2026-02-05T21:24:01.755+0000] {logging_mixin.py:190} INFO - [2026-02-05T21:24:01.754+0000] {dag.py:3239} INFO - Sync 1 DAGs
[2026-02-05T21:24:01.785+0000] {logging_mixin.py:190} INFO - [2026-02-05T21:24:01.785+0000] {dag.py:4180} INFO - Setting next_dagrun for data_quality to 2026-02-05 21:10:00+00:00, run_after=2026-02-05 22:10:00+00:00
[2026-02-05T21:24:01.808+0000] {processor.py:208} INFO - Processing /opt/airflow/dags/dq.py took 0.187 seconds
[2026-02-05T21:24:32.141+0000] {processor.py:186} INFO - Started process (PID=1929) to work on /opt/airflow/dags/dq.py
[2026-02-05T21:24:32.143+0000] {processor.py:914} INFO - Processing file /opt/airflow/dags/dq.py for tasks to queue
[2026-02-05T21:24:32.145+0000] {logging_mixin.py:190} INFO - [2026-02-05T21:24:32.144+0000] {dagbag.py:588} INFO - Filling up the DagBag from /opt/airflow/dags/dq.py
[2026-02-05T21:24:32.233+0000] {processor.py:925} INFO - DAG(s) 'data_quality' retrieved from /opt/airflow/dags/dq.py
[2026-02-05T21:24:32.271+0000] {logging_mixin.py:190} INFO - [2026-02-05T21:24:32.271+0000] {dag.py:3239} INFO - Sync 1 DAGs
[2026-02-05T21:24:32.303+0000] {logging_mixin.py:190} INFO - [2026-02-05T21:24:32.302+0000] {dag.py:4180} INFO - Setting next_dagrun for data_quality to 2026-02-05 21:10:00+00:00, run_after=2026-02-05 22:10:00+00:00
[2026-02-05T21:24:32.326+0000] {processor.py:208} INFO - Processing /opt/airflow/dags/dq.py took 0.198 seconds
[2026-02-05T21:25:02.743+0000] {processor.py:186} INFO - Started process (PID=1946) to work on /opt/airflow/dags/dq.py
[2026-02-05T21:25:02.744+0000] {processor.py:914} INFO - Processing file /opt/airflow/dags/dq.py for tasks to queue
[2026-02-05T21:25:02.746+0000] {logging_mixin.py:190} INFO - [2026-02-05T21:25:02.745+0000] {dagbag.py:588} INFO - Filling up the DagBag from /opt/airflow/dags/dq.py
[2026-02-05T21:25:02.861+0000] {processor.py:925} INFO - DAG(s) 'data_quality' retrieved from /opt/airflow/dags/dq.py
[2026-02-05T21:25:02.907+0000] {logging_mixin.py:190} INFO - [2026-02-05T21:25:02.906+0000] {dag.py:3239} INFO - Sync 1 DAGs
[2026-02-05T21:25:02.950+0000] {logging_mixin.py:190} INFO - [2026-02-05T21:25:02.949+0000] {dag.py:4180} INFO - Setting next_dagrun for data_quality to 2026-02-05 21:10:00+00:00, run_after=2026-02-05 22:10:00+00:00
[2026-02-05T21:25:03.016+0000] {processor.py:208} INFO - Processing /opt/airflow/dags/dq.py took 0.285 seconds
[2026-02-05T21:25:28.529+0000] {processor.py:186} INFO - Started process (PID=1958) to work on /opt/airflow/dags/dq.py
[2026-02-05T21:25:28.530+0000] {processor.py:914} INFO - Processing file /opt/airflow/dags/dq.py for tasks to queue
[2026-02-05T21:25:28.533+0000] {logging_mixin.py:190} INFO - [2026-02-05T21:25:28.532+0000] {dagbag.py:588} INFO - Filling up the DagBag from /opt/airflow/dags/dq.py
[2026-02-05T21:25:28.645+0000] {processor.py:925} INFO - DAG(s) 'data_quality' retrieved from /opt/airflow/dags/dq.py
[2026-02-05T21:25:28.693+0000] {logging_mixin.py:190} INFO - [2026-02-05T21:25:28.692+0000] {dag.py:3239} INFO - Sync 1 DAGs
[2026-02-05T21:25:28.750+0000] {logging_mixin.py:190} INFO - [2026-02-05T21:25:28.750+0000] {dag.py:4180} INFO - Setting next_dagrun for data_quality to 2026-02-05 21:10:00+00:00, run_after=2026-02-05 22:10:00+00:00
[2026-02-05T21:25:28.963+0000] {processor.py:208} INFO - Processing /opt/airflow/dags/dq.py took 0.443 seconds
[2026-02-05T21:25:59.589+0000] {processor.py:186} INFO - Started process (PID=1990) to work on /opt/airflow/dags/dq.py
[2026-02-05T21:25:59.592+0000] {processor.py:914} INFO - Processing file /opt/airflow/dags/dq.py for tasks to queue
[2026-02-05T21:25:59.599+0000] {logging_mixin.py:190} INFO - [2026-02-05T21:25:59.599+0000] {dagbag.py:588} INFO - Filling up the DagBag from /opt/airflow/dags/dq.py
[2026-02-05T21:25:59.724+0000] {processor.py:925} INFO - DAG(s) 'data_quality' retrieved from /opt/airflow/dags/dq.py
[2026-02-05T21:25:59.761+0000] {logging_mixin.py:190} INFO - [2026-02-05T21:25:59.760+0000] {dag.py:3239} INFO - Sync 1 DAGs
[2026-02-05T21:25:59.797+0000] {logging_mixin.py:190} INFO - [2026-02-05T21:25:59.797+0000] {dag.py:4180} INFO - Setting next_dagrun for data_quality to 2026-02-05 21:10:00+00:00, run_after=2026-02-05 22:10:00+00:00
[2026-02-05T21:25:59.822+0000] {processor.py:208} INFO - Processing /opt/airflow/dags/dq.py took 0.243 seconds
[2026-02-05T21:26:30.454+0000] {processor.py:186} INFO - Started process (PID=2007) to work on /opt/airflow/dags/dq.py
[2026-02-05T21:26:30.456+0000] {processor.py:914} INFO - Processing file /opt/airflow/dags/dq.py for tasks to queue
[2026-02-05T21:26:30.459+0000] {logging_mixin.py:190} INFO - [2026-02-05T21:26:30.458+0000] {dagbag.py:588} INFO - Filling up the DagBag from /opt/airflow/dags/dq.py
[2026-02-05T21:26:30.558+0000] {processor.py:925} INFO - DAG(s) 'data_quality' retrieved from /opt/airflow/dags/dq.py
[2026-02-05T21:26:30.593+0000] {logging_mixin.py:190} INFO - [2026-02-05T21:26:30.592+0000] {dag.py:3239} INFO - Sync 1 DAGs
[2026-02-05T21:26:30.626+0000] {logging_mixin.py:190} INFO - [2026-02-05T21:26:30.625+0000] {dag.py:4180} INFO - Setting next_dagrun for data_quality to 2026-02-05 21:10:00+00:00, run_after=2026-02-05 22:10:00+00:00
[2026-02-05T21:26:30.647+0000] {processor.py:208} INFO - Processing /opt/airflow/dags/dq.py took 0.204 seconds
[2026-02-05T21:27:01.192+0000] {processor.py:186} INFO - Started process (PID=2024) to work on /opt/airflow/dags/dq.py
[2026-02-05T21:27:01.193+0000] {processor.py:914} INFO - Processing file /opt/airflow/dags/dq.py for tasks to queue
[2026-02-05T21:27:01.195+0000] {logging_mixin.py:190} INFO - [2026-02-05T21:27:01.194+0000] {dagbag.py:588} INFO - Filling up the DagBag from /opt/airflow/dags/dq.py
[2026-02-05T21:27:01.279+0000] {processor.py:925} INFO - DAG(s) 'data_quality' retrieved from /opt/airflow/dags/dq.py
[2026-02-05T21:27:01.316+0000] {logging_mixin.py:190} INFO - [2026-02-05T21:27:01.313+0000] {dag.py:3239} INFO - Sync 1 DAGs
[2026-02-05T21:27:01.351+0000] {logging_mixin.py:190} INFO - [2026-02-05T21:27:01.350+0000] {dag.py:4180} INFO - Setting next_dagrun for data_quality to 2026-02-05 21:10:00+00:00, run_after=2026-02-05 22:10:00+00:00
[2026-02-05T21:27:01.373+0000] {processor.py:208} INFO - Processing /opt/airflow/dags/dq.py took 0.191 seconds
[2026-02-05T21:27:32.040+0000] {processor.py:186} INFO - Started process (PID=2044) to work on /opt/airflow/dags/dq.py
[2026-02-05T21:27:32.041+0000] {processor.py:914} INFO - Processing file /opt/airflow/dags/dq.py for tasks to queue
[2026-02-05T21:27:32.043+0000] {logging_mixin.py:190} INFO - [2026-02-05T21:27:32.042+0000] {dagbag.py:588} INFO - Filling up the DagBag from /opt/airflow/dags/dq.py
[2026-02-05T21:27:32.130+0000] {processor.py:925} INFO - DAG(s) 'data_quality' retrieved from /opt/airflow/dags/dq.py
[2026-02-05T21:27:32.169+0000] {logging_mixin.py:190} INFO - [2026-02-05T21:27:32.168+0000] {dag.py:3239} INFO - Sync 1 DAGs
[2026-02-05T21:27:32.203+0000] {logging_mixin.py:190} INFO - [2026-02-05T21:27:32.202+0000] {dag.py:4180} INFO - Setting next_dagrun for data_quality to 2026-02-05 21:10:00+00:00, run_after=2026-02-05 22:10:00+00:00
[2026-02-05T21:27:32.233+0000] {processor.py:208} INFO - Processing /opt/airflow/dags/dq.py took 0.203 seconds
[2026-02-05T21:28:02.898+0000] {processor.py:186} INFO - Started process (PID=2061) to work on /opt/airflow/dags/dq.py
[2026-02-05T21:28:02.900+0000] {processor.py:914} INFO - Processing file /opt/airflow/dags/dq.py for tasks to queue
[2026-02-05T21:28:02.902+0000] {logging_mixin.py:190} INFO - [2026-02-05T21:28:02.901+0000] {dagbag.py:588} INFO - Filling up the DagBag from /opt/airflow/dags/dq.py
[2026-02-05T21:28:03.041+0000] {processor.py:925} INFO - DAG(s) 'data_quality' retrieved from /opt/airflow/dags/dq.py
[2026-02-05T21:28:03.084+0000] {logging_mixin.py:190} INFO - [2026-02-05T21:28:03.084+0000] {dag.py:3239} INFO - Sync 1 DAGs
[2026-02-05T21:28:03.133+0000] {logging_mixin.py:190} INFO - [2026-02-05T21:28:03.133+0000] {dag.py:4180} INFO - Setting next_dagrun for data_quality to 2026-02-05 21:10:00+00:00, run_after=2026-02-05 22:10:00+00:00
[2026-02-05T21:28:03.166+0000] {processor.py:208} INFO - Processing /opt/airflow/dags/dq.py took 0.277 seconds
[2026-02-05T21:28:33.882+0000] {processor.py:186} INFO - Started process (PID=2078) to work on /opt/airflow/dags/dq.py
[2026-02-05T21:28:33.884+0000] {processor.py:914} INFO - Processing file /opt/airflow/dags/dq.py for tasks to queue
[2026-02-05T21:28:33.886+0000] {logging_mixin.py:190} INFO - [2026-02-05T21:28:33.886+0000] {dagbag.py:588} INFO - Filling up the DagBag from /opt/airflow/dags/dq.py
[2026-02-05T21:28:33.970+0000] {processor.py:925} INFO - DAG(s) 'data_quality' retrieved from /opt/airflow/dags/dq.py
[2026-02-05T21:28:34.052+0000] {logging_mixin.py:190} INFO - [2026-02-05T21:28:34.051+0000] {dag.py:3239} INFO - Sync 1 DAGs
[2026-02-05T21:28:34.156+0000] {logging_mixin.py:190} INFO - [2026-02-05T21:28:34.155+0000] {dag.py:4180} INFO - Setting next_dagrun for data_quality to 2026-02-05 21:10:00+00:00, run_after=2026-02-05 22:10:00+00:00
[2026-02-05T21:28:34.192+0000] {processor.py:208} INFO - Processing /opt/airflow/dags/dq.py took 0.321 seconds
[2026-02-05T21:29:04.337+0000] {processor.py:186} INFO - Started process (PID=2137) to work on /opt/airflow/dags/dq.py
[2026-02-05T21:29:04.338+0000] {processor.py:914} INFO - Processing file /opt/airflow/dags/dq.py for tasks to queue
[2026-02-05T21:29:04.340+0000] {logging_mixin.py:190} INFO - [2026-02-05T21:29:04.339+0000] {dagbag.py:588} INFO - Filling up the DagBag from /opt/airflow/dags/dq.py
[2026-02-05T21:29:04.429+0000] {processor.py:925} INFO - DAG(s) 'data_quality' retrieved from /opt/airflow/dags/dq.py
[2026-02-05T21:29:04.465+0000] {logging_mixin.py:190} INFO - [2026-02-05T21:29:04.464+0000] {dag.py:3239} INFO - Sync 1 DAGs
[2026-02-05T21:29:04.502+0000] {logging_mixin.py:190} INFO - [2026-02-05T21:29:04.502+0000] {dag.py:4180} INFO - Setting next_dagrun for data_quality to 2026-02-05 21:10:00+00:00, run_after=2026-02-05 22:10:00+00:00
[2026-02-05T21:29:04.528+0000] {processor.py:208} INFO - Processing /opt/airflow/dags/dq.py took 0.202 seconds
[2026-02-05T21:29:35.255+0000] {processor.py:186} INFO - Started process (PID=2154) to work on /opt/airflow/dags/dq.py
[2026-02-05T21:29:35.256+0000] {processor.py:914} INFO - Processing file /opt/airflow/dags/dq.py for tasks to queue
[2026-02-05T21:29:35.258+0000] {logging_mixin.py:190} INFO - [2026-02-05T21:29:35.258+0000] {dagbag.py:588} INFO - Filling up the DagBag from /opt/airflow/dags/dq.py
[2026-02-05T21:29:35.336+0000] {processor.py:925} INFO - DAG(s) 'data_quality' retrieved from /opt/airflow/dags/dq.py
[2026-02-05T21:29:35.371+0000] {logging_mixin.py:190} INFO - [2026-02-05T21:29:35.370+0000] {dag.py:3239} INFO - Sync 1 DAGs
[2026-02-05T21:29:35.402+0000] {logging_mixin.py:190} INFO - [2026-02-05T21:29:35.402+0000] {dag.py:4180} INFO - Setting next_dagrun for data_quality to 2026-02-05 21:10:00+00:00, run_after=2026-02-05 22:10:00+00:00
[2026-02-05T21:29:35.428+0000] {processor.py:208} INFO - Processing /opt/airflow/dags/dq.py took 0.182 seconds
[2026-02-05T21:30:06.220+0000] {processor.py:186} INFO - Started process (PID=2171) to work on /opt/airflow/dags/dq.py
[2026-02-05T21:30:06.221+0000] {processor.py:914} INFO - Processing file /opt/airflow/dags/dq.py for tasks to queue
[2026-02-05T21:30:06.223+0000] {logging_mixin.py:190} INFO - [2026-02-05T21:30:06.222+0000] {dagbag.py:588} INFO - Filling up the DagBag from /opt/airflow/dags/dq.py
[2026-02-05T21:30:06.298+0000] {processor.py:925} INFO - DAG(s) 'data_quality' retrieved from /opt/airflow/dags/dq.py
[2026-02-05T21:30:06.332+0000] {logging_mixin.py:190} INFO - [2026-02-05T21:30:06.331+0000] {dag.py:3239} INFO - Sync 1 DAGs
[2026-02-05T21:30:06.361+0000] {logging_mixin.py:190} INFO - [2026-02-05T21:30:06.360+0000] {dag.py:4180} INFO - Setting next_dagrun for data_quality to 2026-02-05 21:10:00+00:00, run_after=2026-02-05 22:10:00+00:00
[2026-02-05T21:30:06.380+0000] {processor.py:208} INFO - Processing /opt/airflow/dags/dq.py took 0.167 seconds
[2026-02-05T21:30:37.067+0000] {processor.py:186} INFO - Started process (PID=2188) to work on /opt/airflow/dags/dq.py
[2026-02-05T21:30:37.069+0000] {processor.py:914} INFO - Processing file /opt/airflow/dags/dq.py for tasks to queue
[2026-02-05T21:30:37.071+0000] {logging_mixin.py:190} INFO - [2026-02-05T21:30:37.070+0000] {dagbag.py:588} INFO - Filling up the DagBag from /opt/airflow/dags/dq.py
[2026-02-05T21:30:37.180+0000] {processor.py:925} INFO - DAG(s) 'data_quality' retrieved from /opt/airflow/dags/dq.py
[2026-02-05T21:30:37.225+0000] {logging_mixin.py:190} INFO - [2026-02-05T21:30:37.224+0000] {dag.py:3239} INFO - Sync 1 DAGs
[2026-02-05T21:30:37.265+0000] {logging_mixin.py:190} INFO - [2026-02-05T21:30:37.265+0000] {dag.py:4180} INFO - Setting next_dagrun for data_quality to 2026-02-05 21:10:00+00:00, run_after=2026-02-05 22:10:00+00:00
[2026-02-05T21:30:37.301+0000] {processor.py:208} INFO - Processing /opt/airflow/dags/dq.py took 0.244 seconds
[2026-02-05T21:31:07.385+0000] {processor.py:186} INFO - Started process (PID=2205) to work on /opt/airflow/dags/dq.py
[2026-02-05T21:31:07.386+0000] {processor.py:914} INFO - Processing file /opt/airflow/dags/dq.py for tasks to queue
[2026-02-05T21:31:07.387+0000] {logging_mixin.py:190} INFO - [2026-02-05T21:31:07.387+0000] {dagbag.py:588} INFO - Filling up the DagBag from /opt/airflow/dags/dq.py
[2026-02-05T21:31:07.477+0000] {processor.py:925} INFO - DAG(s) 'data_quality' retrieved from /opt/airflow/dags/dq.py
[2026-02-05T21:31:07.511+0000] {logging_mixin.py:190} INFO - [2026-02-05T21:31:07.510+0000] {dag.py:3239} INFO - Sync 1 DAGs
[2026-02-05T21:31:07.540+0000] {logging_mixin.py:190} INFO - [2026-02-05T21:31:07.539+0000] {dag.py:4180} INFO - Setting next_dagrun for data_quality to 2026-02-05 21:10:00+00:00, run_after=2026-02-05 22:10:00+00:00
[2026-02-05T21:31:07.560+0000] {processor.py:208} INFO - Processing /opt/airflow/dags/dq.py took 0.186 seconds
[2026-02-05T21:31:38.477+0000] {processor.py:186} INFO - Started process (PID=2222) to work on /opt/airflow/dags/dq.py
[2026-02-05T21:31:38.478+0000] {processor.py:914} INFO - Processing file /opt/airflow/dags/dq.py for tasks to queue
[2026-02-05T21:31:38.480+0000] {logging_mixin.py:190} INFO - [2026-02-05T21:31:38.480+0000] {dagbag.py:588} INFO - Filling up the DagBag from /opt/airflow/dags/dq.py
[2026-02-05T21:31:38.567+0000] {processor.py:925} INFO - DAG(s) 'data_quality' retrieved from /opt/airflow/dags/dq.py
[2026-02-05T21:31:38.601+0000] {logging_mixin.py:190} INFO - [2026-02-05T21:31:38.600+0000] {dag.py:3239} INFO - Sync 1 DAGs
[2026-02-05T21:31:38.631+0000] {logging_mixin.py:190} INFO - [2026-02-05T21:31:38.631+0000] {dag.py:4180} INFO - Setting next_dagrun for data_quality to 2026-02-05 21:10:00+00:00, run_after=2026-02-05 22:10:00+00:00
[2026-02-05T21:31:38.658+0000] {processor.py:208} INFO - Processing /opt/airflow/dags/dq.py took 0.189 seconds
[2026-02-05T21:32:09.329+0000] {processor.py:186} INFO - Started process (PID=2239) to work on /opt/airflow/dags/dq.py
[2026-02-05T21:32:09.330+0000] {processor.py:914} INFO - Processing file /opt/airflow/dags/dq.py for tasks to queue
[2026-02-05T21:32:09.332+0000] {logging_mixin.py:190} INFO - [2026-02-05T21:32:09.332+0000] {dagbag.py:588} INFO - Filling up the DagBag from /opt/airflow/dags/dq.py
[2026-02-05T21:32:09.430+0000] {processor.py:925} INFO - DAG(s) 'data_quality' retrieved from /opt/airflow/dags/dq.py
[2026-02-05T21:32:09.463+0000] {logging_mixin.py:190} INFO - [2026-02-05T21:32:09.462+0000] {dag.py:3239} INFO - Sync 1 DAGs
[2026-02-05T21:32:09.490+0000] {logging_mixin.py:190} INFO - [2026-02-05T21:32:09.490+0000] {dag.py:4180} INFO - Setting next_dagrun for data_quality to 2026-02-05 21:10:00+00:00, run_after=2026-02-05 22:10:00+00:00
[2026-02-05T21:32:09.517+0000] {processor.py:208} INFO - Processing /opt/airflow/dags/dq.py took 0.195 seconds
[2026-02-05T21:32:40.078+0000] {processor.py:186} INFO - Started process (PID=2256) to work on /opt/airflow/dags/dq.py
[2026-02-05T21:32:40.079+0000] {processor.py:914} INFO - Processing file /opt/airflow/dags/dq.py for tasks to queue
[2026-02-05T21:32:40.084+0000] {logging_mixin.py:190} INFO - [2026-02-05T21:32:40.083+0000] {dagbag.py:588} INFO - Filling up the DagBag from /opt/airflow/dags/dq.py
[2026-02-05T21:32:40.171+0000] {processor.py:925} INFO - DAG(s) 'data_quality' retrieved from /opt/airflow/dags/dq.py
[2026-02-05T21:32:40.207+0000] {logging_mixin.py:190} INFO - [2026-02-05T21:32:40.206+0000] {dag.py:3239} INFO - Sync 1 DAGs
[2026-02-05T21:32:40.236+0000] {logging_mixin.py:190} INFO - [2026-02-05T21:32:40.236+0000] {dag.py:4180} INFO - Setting next_dagrun for data_quality to 2026-02-05 21:10:00+00:00, run_after=2026-02-05 22:10:00+00:00
[2026-02-05T21:32:40.265+0000] {processor.py:208} INFO - Processing /opt/airflow/dags/dq.py took 0.198 seconds
[2026-02-05T21:33:11.032+0000] {processor.py:186} INFO - Started process (PID=2273) to work on /opt/airflow/dags/dq.py
[2026-02-05T21:33:11.034+0000] {processor.py:914} INFO - Processing file /opt/airflow/dags/dq.py for tasks to queue
[2026-02-05T21:33:11.037+0000] {logging_mixin.py:190} INFO - [2026-02-05T21:33:11.036+0000] {dagbag.py:588} INFO - Filling up the DagBag from /opt/airflow/dags/dq.py
[2026-02-05T21:33:11.142+0000] {processor.py:925} INFO - DAG(s) 'data_quality' retrieved from /opt/airflow/dags/dq.py
[2026-02-05T21:33:11.189+0000] {logging_mixin.py:190} INFO - [2026-02-05T21:33:11.187+0000] {dag.py:3239} INFO - Sync 1 DAGs
[2026-02-05T21:33:11.233+0000] {logging_mixin.py:190} INFO - [2026-02-05T21:33:11.232+0000] {dag.py:4180} INFO - Setting next_dagrun for data_quality to 2026-02-05 21:10:00+00:00, run_after=2026-02-05 22:10:00+00:00
[2026-02-05T21:33:11.259+0000] {processor.py:208} INFO - Processing /opt/airflow/dags/dq.py took 0.238 seconds
[2026-02-05T21:33:41.767+0000] {processor.py:186} INFO - Started process (PID=2290) to work on /opt/airflow/dags/dq.py
[2026-02-05T21:33:41.768+0000] {processor.py:914} INFO - Processing file /opt/airflow/dags/dq.py for tasks to queue
[2026-02-05T21:33:41.770+0000] {logging_mixin.py:190} INFO - [2026-02-05T21:33:41.769+0000] {dagbag.py:588} INFO - Filling up the DagBag from /opt/airflow/dags/dq.py
[2026-02-05T21:33:41.849+0000] {processor.py:925} INFO - DAG(s) 'data_quality' retrieved from /opt/airflow/dags/dq.py
[2026-02-05T21:33:41.884+0000] {logging_mixin.py:190} INFO - [2026-02-05T21:33:41.884+0000] {dag.py:3239} INFO - Sync 1 DAGs
[2026-02-05T21:33:41.917+0000] {logging_mixin.py:190} INFO - [2026-02-05T21:33:41.917+0000] {dag.py:4180} INFO - Setting next_dagrun for data_quality to 2026-02-05 21:10:00+00:00, run_after=2026-02-05 22:10:00+00:00
[2026-02-05T21:33:41.940+0000] {processor.py:208} INFO - Processing /opt/airflow/dags/dq.py took 0.181 seconds
[2026-02-05T21:34:12.153+0000] {processor.py:186} INFO - Started process (PID=2307) to work on /opt/airflow/dags/dq.py
[2026-02-05T21:34:12.154+0000] {processor.py:914} INFO - Processing file /opt/airflow/dags/dq.py for tasks to queue
[2026-02-05T21:34:12.156+0000] {logging_mixin.py:190} INFO - [2026-02-05T21:34:12.155+0000] {dagbag.py:588} INFO - Filling up the DagBag from /opt/airflow/dags/dq.py
[2026-02-05T21:34:12.243+0000] {processor.py:925} INFO - DAG(s) 'data_quality' retrieved from /opt/airflow/dags/dq.py
[2026-02-05T21:34:12.288+0000] {logging_mixin.py:190} INFO - [2026-02-05T21:34:12.287+0000] {dag.py:3239} INFO - Sync 1 DAGs
[2026-02-05T21:34:12.328+0000] {logging_mixin.py:190} INFO - [2026-02-05T21:34:12.327+0000] {dag.py:4180} INFO - Setting next_dagrun for data_quality to 2026-02-05 21:10:00+00:00, run_after=2026-02-05 22:10:00+00:00
[2026-02-05T21:34:12.353+0000] {processor.py:208} INFO - Processing /opt/airflow/dags/dq.py took 0.209 seconds
[2026-02-05T21:34:42.500+0000] {processor.py:186} INFO - Started process (PID=2324) to work on /opt/airflow/dags/dq.py
[2026-02-05T21:34:42.502+0000] {processor.py:914} INFO - Processing file /opt/airflow/dags/dq.py for tasks to queue
[2026-02-05T21:34:42.505+0000] {logging_mixin.py:190} INFO - [2026-02-05T21:34:42.504+0000] {dagbag.py:588} INFO - Filling up the DagBag from /opt/airflow/dags/dq.py
[2026-02-05T21:34:42.596+0000] {processor.py:925} INFO - DAG(s) 'data_quality' retrieved from /opt/airflow/dags/dq.py
[2026-02-05T21:34:42.630+0000] {logging_mixin.py:190} INFO - [2026-02-05T21:34:42.629+0000] {dag.py:3239} INFO - Sync 1 DAGs
[2026-02-05T21:34:42.665+0000] {logging_mixin.py:190} INFO - [2026-02-05T21:34:42.665+0000] {dag.py:4180} INFO - Setting next_dagrun for data_quality to 2026-02-05 21:10:00+00:00, run_after=2026-02-05 22:10:00+00:00
[2026-02-05T21:34:42.686+0000] {processor.py:208} INFO - Processing /opt/airflow/dags/dq.py took 0.196 seconds
[2026-02-05T21:35:13.497+0000] {processor.py:186} INFO - Started process (PID=2383) to work on /opt/airflow/dags/dq.py
[2026-02-05T21:35:13.499+0000] {processor.py:914} INFO - Processing file /opt/airflow/dags/dq.py for tasks to queue
[2026-02-05T21:35:13.500+0000] {logging_mixin.py:190} INFO - [2026-02-05T21:35:13.500+0000] {dagbag.py:588} INFO - Filling up the DagBag from /opt/airflow/dags/dq.py
[2026-02-05T21:35:13.591+0000] {processor.py:925} INFO - DAG(s) 'data_quality' retrieved from /opt/airflow/dags/dq.py
[2026-02-05T21:35:13.668+0000] {logging_mixin.py:190} INFO - [2026-02-05T21:35:13.665+0000] {dag.py:3239} INFO - Sync 1 DAGs
[2026-02-05T21:35:13.776+0000] {logging_mixin.py:190} INFO - [2026-02-05T21:35:13.776+0000] {dag.py:4180} INFO - Setting next_dagrun for data_quality to 2026-02-05 21:10:00+00:00, run_after=2026-02-05 22:10:00+00:00
[2026-02-05T21:35:13.820+0000] {processor.py:208} INFO - Processing /opt/airflow/dags/dq.py took 0.331 seconds
[2026-02-05T21:35:43.967+0000] {processor.py:186} INFO - Started process (PID=2400) to work on /opt/airflow/dags/dq.py
[2026-02-05T21:35:43.968+0000] {processor.py:914} INFO - Processing file /opt/airflow/dags/dq.py for tasks to queue
[2026-02-05T21:35:43.970+0000] {logging_mixin.py:190} INFO - [2026-02-05T21:35:43.969+0000] {dagbag.py:588} INFO - Filling up the DagBag from /opt/airflow/dags/dq.py
[2026-02-05T21:35:44.097+0000] {processor.py:925} INFO - DAG(s) 'data_quality' retrieved from /opt/airflow/dags/dq.py
[2026-02-05T21:35:44.137+0000] {logging_mixin.py:190} INFO - [2026-02-05T21:35:44.136+0000] {dag.py:3239} INFO - Sync 1 DAGs
[2026-02-05T21:35:44.184+0000] {logging_mixin.py:190} INFO - [2026-02-05T21:35:44.184+0000] {dag.py:4180} INFO - Setting next_dagrun for data_quality to 2026-02-05 21:10:00+00:00, run_after=2026-02-05 22:10:00+00:00
[2026-02-05T21:35:44.225+0000] {processor.py:208} INFO - Processing /opt/airflow/dags/dq.py took 0.269 seconds
[2026-02-05T21:36:12.488+0000] {processor.py:186} INFO - Started process (PID=2417) to work on /opt/airflow/dags/dq.py
[2026-02-05T21:36:12.489+0000] {processor.py:914} INFO - Processing file /opt/airflow/dags/dq.py for tasks to queue
[2026-02-05T21:36:12.500+0000] {logging_mixin.py:190} INFO - [2026-02-05T21:36:12.500+0000] {dagbag.py:588} INFO - Filling up the DagBag from /opt/airflow/dags/dq.py
[2026-02-05T21:36:12.656+0000] {processor.py:925} INFO - DAG(s) 'data_quality' retrieved from /opt/airflow/dags/dq.py
[2026-02-05T21:36:12.699+0000] {logging_mixin.py:190} INFO - [2026-02-05T21:36:12.697+0000] {dag.py:3239} INFO - Sync 1 DAGs
[2026-02-05T21:36:12.740+0000] {logging_mixin.py:190} INFO - [2026-02-05T21:36:12.740+0000] {dag.py:4180} INFO - Setting next_dagrun for data_quality to 2026-02-05 21:10:00+00:00, run_after=2026-02-05 22:10:00+00:00
[2026-02-05T21:36:12.768+0000] {processor.py:208} INFO - Processing /opt/airflow/dags/dq.py took 0.298 seconds
[2026-02-05T21:36:12.828+0000] {processor.py:186} INFO - Started process (PID=2423) to work on /opt/airflow/dags/dq.py
[2026-02-05T21:36:12.829+0000] {processor.py:914} INFO - Processing file /opt/airflow/dags/dq.py for tasks to queue
[2026-02-05T21:36:12.831+0000] {logging_mixin.py:190} INFO - [2026-02-05T21:36:12.830+0000] {dagbag.py:588} INFO - Filling up the DagBag from /opt/airflow/dags/dq.py
[2026-02-05T21:36:12.912+0000] {processor.py:925} INFO - DAG(s) 'data_quality' retrieved from /opt/airflow/dags/dq.py
[2026-02-05T21:36:12.948+0000] {logging_mixin.py:190} INFO - [2026-02-05T21:36:12.947+0000] {dag.py:3239} INFO - Sync 1 DAGs
[2026-02-05T21:36:12.976+0000] {logging_mixin.py:190} INFO - [2026-02-05T21:36:12.976+0000] {dag.py:4180} INFO - Setting next_dagrun for data_quality to 2026-02-05 21:10:00+00:00, run_after=2026-02-05 22:10:00+00:00
[2026-02-05T21:36:12.997+0000] {processor.py:208} INFO - Processing /opt/airflow/dags/dq.py took 0.179 seconds
[2026-02-05T21:36:13.056+0000] {processor.py:186} INFO - Started process (PID=2429) to work on /opt/airflow/dags/dq.py
[2026-02-05T21:36:13.057+0000] {processor.py:914} INFO - Processing file /opt/airflow/dags/dq.py for tasks to queue
[2026-02-05T21:36:13.059+0000] {logging_mixin.py:190} INFO - [2026-02-05T21:36:13.058+0000] {dagbag.py:588} INFO - Filling up the DagBag from /opt/airflow/dags/dq.py
[2026-02-05T21:36:13.139+0000] {processor.py:925} INFO - DAG(s) 'data_quality' retrieved from /opt/airflow/dags/dq.py
[2026-02-05T21:36:13.184+0000] {logging_mixin.py:190} INFO - [2026-02-05T21:36:13.184+0000] {dag.py:3239} INFO - Sync 1 DAGs
[2026-02-05T21:36:13.220+0000] {logging_mixin.py:190} INFO - [2026-02-05T21:36:13.220+0000] {dag.py:4180} INFO - Setting next_dagrun for data_quality to 2026-02-05 21:10:00+00:00, run_after=2026-02-05 22:10:00+00:00
[2026-02-05T21:36:13.247+0000] {processor.py:208} INFO - Processing /opt/airflow/dags/dq.py took 0.201 seconds
[2026-02-05T21:36:13.320+0000] {processor.py:186} INFO - Started process (PID=2435) to work on /opt/airflow/dags/dq.py
[2026-02-05T21:36:13.321+0000] {processor.py:914} INFO - Processing file /opt/airflow/dags/dq.py for tasks to queue
[2026-02-05T21:36:13.325+0000] {logging_mixin.py:190} INFO - [2026-02-05T21:36:13.323+0000] {dagbag.py:588} INFO - Filling up the DagBag from /opt/airflow/dags/dq.py
[2026-02-05T21:36:13.416+0000] {processor.py:925} INFO - DAG(s) 'data_quality' retrieved from /opt/airflow/dags/dq.py
[2026-02-05T21:36:13.458+0000] {logging_mixin.py:190} INFO - [2026-02-05T21:36:13.457+0000] {dag.py:3239} INFO - Sync 1 DAGs
[2026-02-05T21:36:13.489+0000] {logging_mixin.py:190} INFO - [2026-02-05T21:36:13.489+0000] {dag.py:4180} INFO - Setting next_dagrun for data_quality to 2026-02-05 21:10:00+00:00, run_after=2026-02-05 22:10:00+00:00
[2026-02-05T21:36:13.512+0000] {processor.py:208} INFO - Processing /opt/airflow/dags/dq.py took 0.202 seconds
[2026-02-05T21:36:13.596+0000] {processor.py:186} INFO - Started process (PID=2441) to work on /opt/airflow/dags/dq.py
[2026-02-05T21:36:13.597+0000] {processor.py:914} INFO - Processing file /opt/airflow/dags/dq.py for tasks to queue
[2026-02-05T21:36:13.600+0000] {logging_mixin.py:190} INFO - [2026-02-05T21:36:13.600+0000] {dagbag.py:588} INFO - Filling up the DagBag from /opt/airflow/dags/dq.py
[2026-02-05T21:36:13.695+0000] {processor.py:925} INFO - DAG(s) 'data_quality' retrieved from /opt/airflow/dags/dq.py
[2026-02-05T21:36:13.733+0000] {logging_mixin.py:190} INFO - [2026-02-05T21:36:13.732+0000] {dag.py:3239} INFO - Sync 1 DAGs
[2026-02-05T21:36:13.768+0000] {logging_mixin.py:190} INFO - [2026-02-05T21:36:13.767+0000] {dag.py:4180} INFO - Setting next_dagrun for data_quality to 2026-02-05 21:10:00+00:00, run_after=2026-02-05 22:10:00+00:00
[2026-02-05T21:36:13.792+0000] {processor.py:208} INFO - Processing /opt/airflow/dags/dq.py took 0.206 seconds
[2026-02-05T21:36:13.873+0000] {processor.py:186} INFO - Started process (PID=2447) to work on /opt/airflow/dags/dq.py
[2026-02-05T21:36:13.874+0000] {processor.py:914} INFO - Processing file /opt/airflow/dags/dq.py for tasks to queue
[2026-02-05T21:36:13.878+0000] {logging_mixin.py:190} INFO - [2026-02-05T21:36:13.878+0000] {dagbag.py:588} INFO - Filling up the DagBag from /opt/airflow/dags/dq.py
[2026-02-05T21:36:13.967+0000] {processor.py:925} INFO - DAG(s) 'data_quality' retrieved from /opt/airflow/dags/dq.py
[2026-02-05T21:36:14.010+0000] {logging_mixin.py:190} INFO - [2026-02-05T21:36:14.009+0000] {dag.py:3239} INFO - Sync 1 DAGs
[2026-02-05T21:36:14.045+0000] {logging_mixin.py:190} INFO - [2026-02-05T21:36:14.045+0000] {dag.py:4180} INFO - Setting next_dagrun for data_quality to 2026-02-05 21:10:00+00:00, run_after=2026-02-05 22:10:00+00:00
[2026-02-05T21:36:14.070+0000] {processor.py:208} INFO - Processing /opt/airflow/dags/dq.py took 0.209 seconds
[2026-02-05T21:36:44.731+0000] {processor.py:186} INFO - Started process (PID=2470) to work on /opt/airflow/dags/dq.py
[2026-02-05T21:36:44.731+0000] {processor.py:914} INFO - Processing file /opt/airflow/dags/dq.py for tasks to queue
[2026-02-05T21:36:44.733+0000] {logging_mixin.py:190} INFO - [2026-02-05T21:36:44.733+0000] {dagbag.py:588} INFO - Filling up the DagBag from /opt/airflow/dags/dq.py
[2026-02-05T21:36:44.810+0000] {processor.py:925} INFO - DAG(s) 'data_quality' retrieved from /opt/airflow/dags/dq.py
[2026-02-05T21:36:44.844+0000] {logging_mixin.py:190} INFO - [2026-02-05T21:36:44.843+0000] {dag.py:3239} INFO - Sync 1 DAGs
[2026-02-05T21:36:44.870+0000] {logging_mixin.py:190} INFO - [2026-02-05T21:36:44.870+0000] {dag.py:4180} INFO - Setting next_dagrun for data_quality to 2026-02-05 21:10:00+00:00, run_after=2026-02-05 22:10:00+00:00
[2026-02-05T21:36:44.896+0000] {processor.py:208} INFO - Processing /opt/airflow/dags/dq.py took 0.178 seconds
[2026-02-05T21:37:15.043+0000] {processor.py:186} INFO - Started process (PID=2487) to work on /opt/airflow/dags/dq.py
[2026-02-05T21:37:15.044+0000] {processor.py:914} INFO - Processing file /opt/airflow/dags/dq.py for tasks to queue
[2026-02-05T21:37:15.046+0000] {logging_mixin.py:190} INFO - [2026-02-05T21:37:15.045+0000] {dagbag.py:588} INFO - Filling up the DagBag from /opt/airflow/dags/dq.py
[2026-02-05T21:37:15.142+0000] {processor.py:925} INFO - DAG(s) 'data_quality' retrieved from /opt/airflow/dags/dq.py
[2026-02-05T21:37:15.189+0000] {logging_mixin.py:190} INFO - [2026-02-05T21:37:15.189+0000] {dag.py:3239} INFO - Sync 1 DAGs
[2026-02-05T21:37:15.222+0000] {logging_mixin.py:190} INFO - [2026-02-05T21:37:15.222+0000] {dag.py:4180} INFO - Setting next_dagrun for data_quality to 2026-02-05 21:10:00+00:00, run_after=2026-02-05 22:10:00+00:00
[2026-02-05T21:37:15.243+0000] {processor.py:208} INFO - Processing /opt/airflow/dags/dq.py took 0.209 seconds
[2026-02-05T21:37:45.783+0000] {processor.py:186} INFO - Started process (PID=2504) to work on /opt/airflow/dags/dq.py
[2026-02-05T21:37:45.784+0000] {processor.py:914} INFO - Processing file /opt/airflow/dags/dq.py for tasks to queue
[2026-02-05T21:37:45.786+0000] {logging_mixin.py:190} INFO - [2026-02-05T21:37:45.785+0000] {dagbag.py:588} INFO - Filling up the DagBag from /opt/airflow/dags/dq.py
[2026-02-05T21:37:45.869+0000] {processor.py:925} INFO - DAG(s) 'data_quality' retrieved from /opt/airflow/dags/dq.py
[2026-02-05T21:37:45.904+0000] {logging_mixin.py:190} INFO - [2026-02-05T21:37:45.903+0000] {dag.py:3239} INFO - Sync 1 DAGs
[2026-02-05T21:37:45.934+0000] {logging_mixin.py:190} INFO - [2026-02-05T21:37:45.934+0000] {dag.py:4180} INFO - Setting next_dagrun for data_quality to 2026-02-05 21:10:00+00:00, run_after=2026-02-05 22:10:00+00:00
[2026-02-05T21:37:45.992+0000] {processor.py:208} INFO - Processing /opt/airflow/dags/dq.py took 0.218 seconds
[2026-02-05T21:38:16.582+0000] {processor.py:186} INFO - Started process (PID=2521) to work on /opt/airflow/dags/dq.py
[2026-02-05T21:38:16.583+0000] {processor.py:914} INFO - Processing file /opt/airflow/dags/dq.py for tasks to queue
[2026-02-05T21:38:16.587+0000] {logging_mixin.py:190} INFO - [2026-02-05T21:38:16.585+0000] {dagbag.py:588} INFO - Filling up the DagBag from /opt/airflow/dags/dq.py
[2026-02-05T21:38:16.672+0000] {processor.py:925} INFO - DAG(s) 'data_quality' retrieved from /opt/airflow/dags/dq.py
[2026-02-05T21:38:16.706+0000] {logging_mixin.py:190} INFO - [2026-02-05T21:38:16.705+0000] {dag.py:3239} INFO - Sync 1 DAGs
[2026-02-05T21:38:16.737+0000] {logging_mixin.py:190} INFO - [2026-02-05T21:38:16.737+0000] {dag.py:4180} INFO - Setting next_dagrun for data_quality to 2026-02-05 21:10:00+00:00, run_after=2026-02-05 22:10:00+00:00
[2026-02-05T21:38:16.759+0000] {processor.py:208} INFO - Processing /opt/airflow/dags/dq.py took 0.185 seconds
[2026-02-05T21:38:47.543+0000] {processor.py:186} INFO - Started process (PID=2538) to work on /opt/airflow/dags/dq.py
[2026-02-05T21:38:47.544+0000] {processor.py:914} INFO - Processing file /opt/airflow/dags/dq.py for tasks to queue
[2026-02-05T21:38:47.545+0000] {logging_mixin.py:190} INFO - [2026-02-05T21:38:47.545+0000] {dagbag.py:588} INFO - Filling up the DagBag from /opt/airflow/dags/dq.py
[2026-02-05T21:38:47.620+0000] {processor.py:925} INFO - DAG(s) 'data_quality' retrieved from /opt/airflow/dags/dq.py
[2026-02-05T21:38:47.655+0000] {logging_mixin.py:190} INFO - [2026-02-05T21:38:47.655+0000] {dag.py:3239} INFO - Sync 1 DAGs
[2026-02-05T21:38:47.683+0000] {logging_mixin.py:190} INFO - [2026-02-05T21:38:47.683+0000] {dag.py:4180} INFO - Setting next_dagrun for data_quality to 2026-02-05 21:10:00+00:00, run_after=2026-02-05 22:10:00+00:00
[2026-02-05T21:38:47.705+0000] {processor.py:208} INFO - Processing /opt/airflow/dags/dq.py took 0.173 seconds
[2026-02-05T21:39:18.352+0000] {processor.py:186} INFO - Started process (PID=2555) to work on /opt/airflow/dags/dq.py
[2026-02-05T21:39:18.353+0000] {processor.py:914} INFO - Processing file /opt/airflow/dags/dq.py for tasks to queue
[2026-02-05T21:39:18.356+0000] {logging_mixin.py:190} INFO - [2026-02-05T21:39:18.355+0000] {dagbag.py:588} INFO - Filling up the DagBag from /opt/airflow/dags/dq.py
[2026-02-05T21:39:18.461+0000] {processor.py:925} INFO - DAG(s) 'data_quality' retrieved from /opt/airflow/dags/dq.py
[2026-02-05T21:39:18.499+0000] {logging_mixin.py:190} INFO - [2026-02-05T21:39:18.498+0000] {dag.py:3239} INFO - Sync 1 DAGs
[2026-02-05T21:39:18.532+0000] {logging_mixin.py:190} INFO - [2026-02-05T21:39:18.532+0000] {dag.py:4180} INFO - Setting next_dagrun for data_quality to 2026-02-05 21:10:00+00:00, run_after=2026-02-05 22:10:00+00:00
[2026-02-05T21:39:18.558+0000] {processor.py:208} INFO - Processing /opt/airflow/dags/dq.py took 0.216 seconds
[2026-02-05T21:39:49.135+0000] {processor.py:186} INFO - Started process (PID=2572) to work on /opt/airflow/dags/dq.py
[2026-02-05T21:39:49.136+0000] {processor.py:914} INFO - Processing file /opt/airflow/dags/dq.py for tasks to queue
[2026-02-05T21:39:49.141+0000] {logging_mixin.py:190} INFO - [2026-02-05T21:39:49.138+0000] {dagbag.py:588} INFO - Filling up the DagBag from /opt/airflow/dags/dq.py
[2026-02-05T21:39:49.217+0000] {processor.py:925} INFO - DAG(s) 'data_quality' retrieved from /opt/airflow/dags/dq.py
[2026-02-05T21:39:49.253+0000] {logging_mixin.py:190} INFO - [2026-02-05T21:39:49.252+0000] {dag.py:3239} INFO - Sync 1 DAGs
[2026-02-05T21:39:49.283+0000] {logging_mixin.py:190} INFO - [2026-02-05T21:39:49.282+0000] {dag.py:4180} INFO - Setting next_dagrun for data_quality to 2026-02-05 21:10:00+00:00, run_after=2026-02-05 22:10:00+00:00
[2026-02-05T21:39:49.304+0000] {processor.py:208} INFO - Processing /opt/airflow/dags/dq.py took 0.178 seconds
[2026-02-05T21:40:20.060+0000] {processor.py:186} INFO - Started process (PID=2589) to work on /opt/airflow/dags/dq.py
[2026-02-05T21:40:20.060+0000] {processor.py:914} INFO - Processing file /opt/airflow/dags/dq.py for tasks to queue
[2026-02-05T21:40:20.062+0000] {logging_mixin.py:190} INFO - [2026-02-05T21:40:20.062+0000] {dagbag.py:588} INFO - Filling up the DagBag from /opt/airflow/dags/dq.py
[2026-02-05T21:40:20.137+0000] {processor.py:925} INFO - DAG(s) 'data_quality' retrieved from /opt/airflow/dags/dq.py
[2026-02-05T21:40:20.175+0000] {logging_mixin.py:190} INFO - [2026-02-05T21:40:20.174+0000] {dag.py:3239} INFO - Sync 1 DAGs
[2026-02-05T21:40:20.203+0000] {logging_mixin.py:190} INFO - [2026-02-05T21:40:20.203+0000] {dag.py:4180} INFO - Setting next_dagrun for data_quality to 2026-02-05 21:10:00+00:00, run_after=2026-02-05 22:10:00+00:00
[2026-02-05T21:40:20.225+0000] {processor.py:208} INFO - Processing /opt/airflow/dags/dq.py took 0.174 seconds
[2026-02-05T21:40:50.864+0000] {processor.py:186} INFO - Started process (PID=2606) to work on /opt/airflow/dags/dq.py
[2026-02-05T21:40:50.865+0000] {processor.py:914} INFO - Processing file /opt/airflow/dags/dq.py for tasks to queue
[2026-02-05T21:40:50.868+0000] {logging_mixin.py:190} INFO - [2026-02-05T21:40:50.868+0000] {dagbag.py:588} INFO - Filling up the DagBag from /opt/airflow/dags/dq.py
[2026-02-05T21:40:50.957+0000] {processor.py:925} INFO - DAG(s) 'data_quality' retrieved from /opt/airflow/dags/dq.py
[2026-02-05T21:40:50.995+0000] {logging_mixin.py:190} INFO - [2026-02-05T21:40:50.995+0000] {dag.py:3239} INFO - Sync 1 DAGs
[2026-02-05T21:40:51.026+0000] {logging_mixin.py:190} INFO - [2026-02-05T21:40:51.026+0000] {dag.py:4180} INFO - Setting next_dagrun for data_quality to 2026-02-05 21:10:00+00:00, run_after=2026-02-05 22:10:00+00:00
[2026-02-05T21:40:51.049+0000] {processor.py:208} INFO - Processing /opt/airflow/dags/dq.py took 0.192 seconds
[2026-02-05T21:41:21.796+0000] {processor.py:186} INFO - Started process (PID=2623) to work on /opt/airflow/dags/dq.py
[2026-02-05T21:41:21.797+0000] {processor.py:914} INFO - Processing file /opt/airflow/dags/dq.py for tasks to queue
[2026-02-05T21:41:21.799+0000] {logging_mixin.py:190} INFO - [2026-02-05T21:41:21.799+0000] {dagbag.py:588} INFO - Filling up the DagBag from /opt/airflow/dags/dq.py
[2026-02-05T21:41:21.878+0000] {processor.py:925} INFO - DAG(s) 'data_quality' retrieved from /opt/airflow/dags/dq.py
[2026-02-05T21:41:21.912+0000] {logging_mixin.py:190} INFO - [2026-02-05T21:41:21.911+0000] {dag.py:3239} INFO - Sync 1 DAGs
[2026-02-05T21:41:21.939+0000] {logging_mixin.py:190} INFO - [2026-02-05T21:41:21.939+0000] {dag.py:4180} INFO - Setting next_dagrun for data_quality to 2026-02-05 21:10:00+00:00, run_after=2026-02-05 22:10:00+00:00
[2026-02-05T21:41:21.960+0000] {processor.py:208} INFO - Processing /opt/airflow/dags/dq.py took 0.172 seconds
[2026-02-05T21:41:52.586+0000] {processor.py:186} INFO - Started process (PID=2640) to work on /opt/airflow/dags/dq.py
[2026-02-05T21:41:52.587+0000] {processor.py:914} INFO - Processing file /opt/airflow/dags/dq.py for tasks to queue
[2026-02-05T21:41:52.589+0000] {logging_mixin.py:190} INFO - [2026-02-05T21:41:52.588+0000] {dagbag.py:588} INFO - Filling up the DagBag from /opt/airflow/dags/dq.py
[2026-02-05T21:41:52.674+0000] {processor.py:925} INFO - DAG(s) 'data_quality' retrieved from /opt/airflow/dags/dq.py
[2026-02-05T21:41:52.710+0000] {logging_mixin.py:190} INFO - [2026-02-05T21:41:52.709+0000] {dag.py:3239} INFO - Sync 1 DAGs
[2026-02-05T21:41:52.743+0000] {logging_mixin.py:190} INFO - [2026-02-05T21:41:52.743+0000] {dag.py:4180} INFO - Setting next_dagrun for data_quality to 2026-02-05 21:10:00+00:00, run_after=2026-02-05 22:10:00+00:00
[2026-02-05T21:41:52.770+0000] {processor.py:208} INFO - Processing /opt/airflow/dags/dq.py took 0.193 seconds
[2026-02-05T21:42:22.975+0000] {processor.py:186} INFO - Started process (PID=2657) to work on /opt/airflow/dags/dq.py
[2026-02-05T21:42:22.977+0000] {processor.py:914} INFO - Processing file /opt/airflow/dags/dq.py for tasks to queue
[2026-02-05T21:42:22.979+0000] {logging_mixin.py:190} INFO - [2026-02-05T21:42:22.979+0000] {dagbag.py:588} INFO - Filling up the DagBag from /opt/airflow/dags/dq.py
[2026-02-05T21:42:23.068+0000] {processor.py:925} INFO - DAG(s) 'data_quality' retrieved from /opt/airflow/dags/dq.py
[2026-02-05T21:42:23.108+0000] {logging_mixin.py:190} INFO - [2026-02-05T21:42:23.107+0000] {dag.py:3239} INFO - Sync 1 DAGs
[2026-02-05T21:42:23.142+0000] {logging_mixin.py:190} INFO - [2026-02-05T21:42:23.142+0000] {dag.py:4180} INFO - Setting next_dagrun for data_quality to 2026-02-05 21:10:00+00:00, run_after=2026-02-05 22:10:00+00:00
[2026-02-05T21:42:23.166+0000] {processor.py:208} INFO - Processing /opt/airflow/dags/dq.py took 0.204 seconds
[2026-02-05T21:42:53.817+0000] {processor.py:186} INFO - Started process (PID=2674) to work on /opt/airflow/dags/dq.py
[2026-02-05T21:42:53.818+0000] {processor.py:914} INFO - Processing file /opt/airflow/dags/dq.py for tasks to queue
[2026-02-05T21:42:53.822+0000] {logging_mixin.py:190} INFO - [2026-02-05T21:42:53.822+0000] {dagbag.py:588} INFO - Filling up the DagBag from /opt/airflow/dags/dq.py
[2026-02-05T21:42:53.902+0000] {processor.py:925} INFO - DAG(s) 'data_quality' retrieved from /opt/airflow/dags/dq.py
[2026-02-05T21:42:53.942+0000] {logging_mixin.py:190} INFO - [2026-02-05T21:42:53.941+0000] {dag.py:3239} INFO - Sync 1 DAGs
[2026-02-05T21:42:53.977+0000] {logging_mixin.py:190} INFO - [2026-02-05T21:42:53.977+0000] {dag.py:4180} INFO - Setting next_dagrun for data_quality to 2026-02-05 21:10:00+00:00, run_after=2026-02-05 22:10:00+00:00
[2026-02-05T21:42:54.006+0000] {processor.py:208} INFO - Processing /opt/airflow/dags/dq.py took 0.198 seconds
[2026-02-05T21:43:24.727+0000] {processor.py:186} INFO - Started process (PID=2691) to work on /opt/airflow/dags/dq.py
[2026-02-05T21:43:24.728+0000] {processor.py:914} INFO - Processing file /opt/airflow/dags/dq.py for tasks to queue
[2026-02-05T21:43:24.730+0000] {logging_mixin.py:190} INFO - [2026-02-05T21:43:24.729+0000] {dagbag.py:588} INFO - Filling up the DagBag from /opt/airflow/dags/dq.py
[2026-02-05T21:43:24.812+0000] {processor.py:925} INFO - DAG(s) 'data_quality' retrieved from /opt/airflow/dags/dq.py
[2026-02-05T21:43:24.847+0000] {logging_mixin.py:190} INFO - [2026-02-05T21:43:24.847+0000] {dag.py:3239} INFO - Sync 1 DAGs
[2026-02-05T21:43:24.875+0000] {logging_mixin.py:190} INFO - [2026-02-05T21:43:24.875+0000] {dag.py:4180} INFO - Setting next_dagrun for data_quality to 2026-02-05 21:10:00+00:00, run_after=2026-02-05 22:10:00+00:00
[2026-02-05T21:43:24.898+0000] {processor.py:208} INFO - Processing /opt/airflow/dags/dq.py took 0.180 seconds
[2026-02-05T21:43:55.643+0000] {processor.py:186} INFO - Started process (PID=2708) to work on /opt/airflow/dags/dq.py
[2026-02-05T21:43:55.644+0000] {processor.py:914} INFO - Processing file /opt/airflow/dags/dq.py for tasks to queue
[2026-02-05T21:43:55.646+0000] {logging_mixin.py:190} INFO - [2026-02-05T21:43:55.645+0000] {dagbag.py:588} INFO - Filling up the DagBag from /opt/airflow/dags/dq.py
[2026-02-05T21:43:55.728+0000] {processor.py:925} INFO - DAG(s) 'data_quality' retrieved from /opt/airflow/dags/dq.py
[2026-02-05T21:43:55.761+0000] {logging_mixin.py:190} INFO - [2026-02-05T21:43:55.760+0000] {dag.py:3239} INFO - Sync 1 DAGs
[2026-02-05T21:43:55.789+0000] {logging_mixin.py:190} INFO - [2026-02-05T21:43:55.788+0000] {dag.py:4180} INFO - Setting next_dagrun for data_quality to 2026-02-05 21:10:00+00:00, run_after=2026-02-05 22:10:00+00:00
[2026-02-05T21:43:55.809+0000] {processor.py:208} INFO - Processing /opt/airflow/dags/dq.py took 0.176 seconds
[2026-02-05T21:44:26.543+0000] {processor.py:186} INFO - Started process (PID=2725) to work on /opt/airflow/dags/dq.py
[2026-02-05T21:44:26.545+0000] {processor.py:914} INFO - Processing file /opt/airflow/dags/dq.py for tasks to queue
[2026-02-05T21:44:26.550+0000] {logging_mixin.py:190} INFO - [2026-02-05T21:44:26.547+0000] {dagbag.py:588} INFO - Filling up the DagBag from /opt/airflow/dags/dq.py
[2026-02-05T21:44:26.654+0000] {processor.py:925} INFO - DAG(s) 'data_quality' retrieved from /opt/airflow/dags/dq.py
[2026-02-05T21:44:26.695+0000] {logging_mixin.py:190} INFO - [2026-02-05T21:44:26.694+0000] {dag.py:3239} INFO - Sync 1 DAGs
[2026-02-05T21:44:26.729+0000] {logging_mixin.py:190} INFO - [2026-02-05T21:44:26.728+0000] {dag.py:4180} INFO - Setting next_dagrun for data_quality to 2026-02-05 21:10:00+00:00, run_after=2026-02-05 22:10:00+00:00
[2026-02-05T21:44:26.754+0000] {processor.py:208} INFO - Processing /opt/airflow/dags/dq.py took 0.222 seconds
[2026-02-05T21:44:57.648+0000] {processor.py:186} INFO - Started process (PID=2742) to work on /opt/airflow/dags/dq.py
[2026-02-05T21:44:57.649+0000] {processor.py:914} INFO - Processing file /opt/airflow/dags/dq.py for tasks to queue
[2026-02-05T21:44:57.653+0000] {logging_mixin.py:190} INFO - [2026-02-05T21:44:57.652+0000] {dagbag.py:588} INFO - Filling up the DagBag from /opt/airflow/dags/dq.py
[2026-02-05T21:44:57.739+0000] {processor.py:925} INFO - DAG(s) 'data_quality' retrieved from /opt/airflow/dags/dq.py
[2026-02-05T21:44:57.771+0000] {logging_mixin.py:190} INFO - [2026-02-05T21:44:57.771+0000] {dag.py:3239} INFO - Sync 1 DAGs
[2026-02-05T21:44:57.803+0000] {logging_mixin.py:190} INFO - [2026-02-05T21:44:57.803+0000] {dag.py:4180} INFO - Setting next_dagrun for data_quality to 2026-02-05 21:10:00+00:00, run_after=2026-02-05 22:10:00+00:00
[2026-02-05T21:44:57.836+0000] {processor.py:208} INFO - Processing /opt/airflow/dags/dq.py took 0.198 seconds
[2026-02-05T21:45:28.394+0000] {processor.py:186} INFO - Started process (PID=2759) to work on /opt/airflow/dags/dq.py
[2026-02-05T21:45:28.395+0000] {processor.py:914} INFO - Processing file /opt/airflow/dags/dq.py for tasks to queue
[2026-02-05T21:45:28.397+0000] {logging_mixin.py:190} INFO - [2026-02-05T21:45:28.396+0000] {dagbag.py:588} INFO - Filling up the DagBag from /opt/airflow/dags/dq.py
[2026-02-05T21:45:28.486+0000] {processor.py:925} INFO - DAG(s) 'data_quality' retrieved from /opt/airflow/dags/dq.py
[2026-02-05T21:45:28.521+0000] {logging_mixin.py:190} INFO - [2026-02-05T21:45:28.520+0000] {dag.py:3239} INFO - Sync 1 DAGs
[2026-02-05T21:45:28.550+0000] {logging_mixin.py:190} INFO - [2026-02-05T21:45:28.550+0000] {dag.py:4180} INFO - Setting next_dagrun for data_quality to 2026-02-05 21:10:00+00:00, run_after=2026-02-05 22:10:00+00:00
[2026-02-05T21:45:28.574+0000] {processor.py:208} INFO - Processing /opt/airflow/dags/dq.py took 0.191 seconds
[2026-02-05T21:45:59.233+0000] {processor.py:186} INFO - Started process (PID=2776) to work on /opt/airflow/dags/dq.py
[2026-02-05T21:45:59.234+0000] {processor.py:914} INFO - Processing file /opt/airflow/dags/dq.py for tasks to queue
[2026-02-05T21:45:59.235+0000] {logging_mixin.py:190} INFO - [2026-02-05T21:45:59.235+0000] {dagbag.py:588} INFO - Filling up the DagBag from /opt/airflow/dags/dq.py
[2026-02-05T21:45:59.324+0000] {processor.py:925} INFO - DAG(s) 'data_quality' retrieved from /opt/airflow/dags/dq.py
[2026-02-05T21:45:59.361+0000] {logging_mixin.py:190} INFO - [2026-02-05T21:45:59.361+0000] {dag.py:3239} INFO - Sync 1 DAGs
[2026-02-05T21:45:59.392+0000] {logging_mixin.py:190} INFO - [2026-02-05T21:45:59.392+0000] {dag.py:4180} INFO - Setting next_dagrun for data_quality to 2026-02-05 21:10:00+00:00, run_after=2026-02-05 22:10:00+00:00
[2026-02-05T21:45:59.417+0000] {processor.py:208} INFO - Processing /opt/airflow/dags/dq.py took 0.194 seconds
[2026-02-05T21:46:30.053+0000] {processor.py:186} INFO - Started process (PID=2793) to work on /opt/airflow/dags/dq.py
[2026-02-05T21:46:30.054+0000] {processor.py:914} INFO - Processing file /opt/airflow/dags/dq.py for tasks to queue
[2026-02-05T21:46:30.056+0000] {logging_mixin.py:190} INFO - [2026-02-05T21:46:30.055+0000] {dagbag.py:588} INFO - Filling up the DagBag from /opt/airflow/dags/dq.py
[2026-02-05T21:46:30.135+0000] {processor.py:925} INFO - DAG(s) 'data_quality' retrieved from /opt/airflow/dags/dq.py
[2026-02-05T21:46:30.168+0000] {logging_mixin.py:190} INFO - [2026-02-05T21:46:30.167+0000] {dag.py:3239} INFO - Sync 1 DAGs
[2026-02-05T21:46:30.194+0000] {logging_mixin.py:190} INFO - [2026-02-05T21:46:30.194+0000] {dag.py:4180} INFO - Setting next_dagrun for data_quality to 2026-02-05 21:10:00+00:00, run_after=2026-02-05 22:10:00+00:00
[2026-02-05T21:46:30.214+0000] {processor.py:208} INFO - Processing /opt/airflow/dags/dq.py took 0.171 seconds
