[2026-02-05T20:49:34.441+0000] {local_task_job_runner.py:123} INFO - ::group::Pre task execution logs
[2026-02-05T20:49:34.471+0000] {taskinstance.py:2613} INFO - Dependencies all met for dep_context=non-requeueable deps ti=<TaskInstance: init_tables.create_tables_if_not_exists manual__2026-02-05T20:49:33.021847+00:00 [queued]>
[2026-02-05T20:49:34.482+0000] {taskinstance.py:2613} INFO - Dependencies all met for dep_context=requeueable deps ti=<TaskInstance: init_tables.create_tables_if_not_exists manual__2026-02-05T20:49:33.021847+00:00 [queued]>
[2026-02-05T20:49:34.483+0000] {taskinstance.py:2866} INFO - Starting attempt 1 of 1
[2026-02-05T20:49:34.499+0000] {taskinstance.py:2889} INFO - Executing <Task(PostgresOperator): create_tables_if_not_exists> on 2026-02-05 20:49:33.021847+00:00
[2026-02-05T20:49:34.513+0000] {standard_task_runner.py:104} INFO - Running: ['***', 'tasks', 'run', 'init_tables', 'create_tables_if_not_exists', 'manual__2026-02-05T20:49:33.021847+00:00', '--job-id', '3', '--raw', '--subdir', 'DAGS_FOLDER/init_tables.py', '--cfg-path', '/tmp/tmp7r5x2rqp']
[2026-02-05T20:49:34.518+0000] {standard_task_runner.py:105} INFO - Job 3: Subtask create_tables_if_not_exists
[2026-02-05T20:49:34.518+0000] {logging_mixin.py:190} WARNING - /home/***/.local/lib/python3.12/site-packages/***/task/task_runner/standard_task_runner.py:70 DeprecationWarning: This process (pid=1221) is multi-threaded, use of fork() may lead to deadlocks in the child.
[2026-02-05T20:49:34.519+0000] {standard_task_runner.py:72} INFO - Started process 1222 to run task
[2026-02-05T20:49:34.602+0000] {task_command.py:467} INFO - Running <TaskInstance: init_tables.create_tables_if_not_exists manual__2026-02-05T20:49:33.021847+00:00 [running]> on host 134ebd8311dd
[2026-02-05T20:49:34.727+0000] {taskinstance.py:3132} INFO - Exporting env vars: AIRFLOW_CTX_DAG_OWNER='***' AIRFLOW_CTX_DAG_ID='init_tables' AIRFLOW_CTX_TASK_ID='create_tables_if_not_exists' AIRFLOW_CTX_EXECUTION_DATE='2026-02-05T20:49:33.021847+00:00' AIRFLOW_CTX_TRY_NUMBER='1' AIRFLOW_CTX_DAG_RUN_ID='manual__2026-02-05T20:49:33.021847+00:00'
[2026-02-05T20:49:34.730+0000] {taskinstance.py:731} INFO - ::endgroup::
[2026-02-05T20:49:34.760+0000] {sql.py:278} INFO - Executing: 
    create table if not exists web_logs_loaded (
      timestamp timestamp,
      user_id int,
      url varchar(256),
      response_time int,
      status_code int,
      source_file varchar(256),
      ingest_ts timestamp default now()
    );
    
    create table if not exists file_status (
      file_name varchar(256) primary key,
      loaded_at timestamp,
      file_rows int,         
      checked_at timestamp,          
      table_rows int,              
      same boolean         
    );
[2026-02-05T20:49:34.776+0000] {base.py:84} INFO - Retrieving connection 'pg_target'
[2026-02-05T20:49:34.793+0000] {base.py:84} INFO - Retrieving connection 'pg_target'
[2026-02-05T20:49:34.813+0000] {sql.py:553} INFO - Running statement: 
    create table if not exists web_logs_loaded (
      timestamp timestamp,
      user_id int,
      url varchar(256),
      response_time int,
      status_code int,
      source_file varchar(256),
      ingest_ts timestamp default now()
    );
    
    create table if not exists file_status (
      file_name varchar(256) primary key,
      loaded_at timestamp,
      file_rows int,         
      checked_at timestamp,          
      table_rows int,              
      same boolean         
    );, parameters: None
[2026-02-05T20:49:34.837+0000] {taskinstance.py:340} INFO - ::group::Post task execution logs
[2026-02-05T20:49:34.838+0000] {taskinstance.py:352} INFO - Marking task as SUCCESS. dag_id=init_tables, task_id=create_tables_if_not_exists, run_id=manual__2026-02-05T20:49:33.021847+00:00, execution_date=20260205T204933, start_date=20260205T204934, end_date=20260205T204934
[2026-02-05T20:49:34.896+0000] {local_task_job_runner.py:266} INFO - Task exited with return code 0
[2026-02-05T20:49:34.922+0000] {taskinstance.py:3895} INFO - 0 downstream tasks scheduled from follow-on schedule check
[2026-02-05T20:49:34.926+0000] {local_task_job_runner.py:245} INFO - ::endgroup::
