[2026-02-05T21:20:31.204+0000] {local_task_job_runner.py:123} INFO - ::group::Pre task execution logs
[2026-02-05T21:20:31.232+0000] {taskinstance.py:2613} INFO - Dependencies all met for dep_context=non-requeueable deps ti=<TaskInstance: data_quality.check_rows scheduled__2026-02-05T20:10:00+00:00 [queued]>
[2026-02-05T21:20:31.244+0000] {taskinstance.py:2613} INFO - Dependencies all met for dep_context=requeueable deps ti=<TaskInstance: data_quality.check_rows scheduled__2026-02-05T20:10:00+00:00 [queued]>
[2026-02-05T21:20:31.245+0000] {taskinstance.py:2866} INFO - Starting attempt 1 of 1
[2026-02-05T21:20:31.263+0000] {taskinstance.py:2889} INFO - Executing <Task(PythonOperator): check_rows> on 2026-02-05 20:10:00+00:00
[2026-02-05T21:20:31.274+0000] {standard_task_runner.py:104} INFO - Running: ['***', 'tasks', 'run', 'data_quality', 'check_rows', 'scheduled__2026-02-05T20:10:00+00:00', '--job-id', '4', '--raw', '--subdir', 'DAGS_FOLDER/dq.py', '--cfg-path', '/tmp/tmpra503fch']
[2026-02-05T21:20:31.278+0000] {standard_task_runner.py:105} INFO - Job 4: Subtask check_rows
[2026-02-05T21:20:32.036+0000] {logging_mixin.py:190} WARNING - /home/***/.local/lib/python3.12/site-packages/***/task/task_runner/standard_task_runner.py:70 DeprecationWarning: This process (pid=1776) is multi-threaded, use of fork() may lead to deadlocks in the child.
[2026-02-05T21:20:32.037+0000] {standard_task_runner.py:72} INFO - Started process 1778 to run task
[2026-02-05T21:20:32.084+0000] {task_command.py:467} INFO - Running <TaskInstance: data_quality.check_rows scheduled__2026-02-05T20:10:00+00:00 [running]> on host 134ebd8311dd
[2026-02-05T21:20:32.200+0000] {taskinstance.py:3132} INFO - Exporting env vars: AIRFLOW_CTX_DAG_OWNER='***' AIRFLOW_CTX_DAG_ID='data_quality' AIRFLOW_CTX_TASK_ID='check_rows' AIRFLOW_CTX_EXECUTION_DATE='2026-02-05T20:10:00+00:00' AIRFLOW_CTX_TRY_NUMBER='1' AIRFLOW_CTX_DAG_RUN_ID='scheduled__2026-02-05T20:10:00+00:00'
[2026-02-05T21:20:32.201+0000] {taskinstance.py:731} INFO - ::endgroup::
[2026-02-05T21:20:32.245+0000] {base.py:84} INFO - Retrieving connection 'pg_target'
[2026-02-05T21:20:32.284+0000] {sql.py:553} INFO - Running statement: 
        select file_name
        from file_status
        where loaded_at is not null
          and checked_at is null
        limit 1
        , parameters: None
[2026-02-05T21:20:32.293+0000] {sql.py:562} INFO - Rows affected: 0
[2026-02-05T21:20:32.296+0000] {python.py:240} INFO - Done. Returned value was: None
[2026-02-05T21:20:32.316+0000] {taskinstance.py:340} INFO - ::group::Post task execution logs
[2026-02-05T21:20:32.317+0000] {taskinstance.py:352} INFO - Marking task as SUCCESS. dag_id=data_quality, task_id=check_rows, run_id=scheduled__2026-02-05T20:10:00+00:00, execution_date=20260205T201000, start_date=20260205T212031, end_date=20260205T212032
[2026-02-05T21:20:32.371+0000] {local_task_job_runner.py:266} INFO - Task exited with return code 0
[2026-02-05T21:20:32.394+0000] {taskinstance.py:3895} INFO - 0 downstream tasks scheduled from follow-on schedule check
[2026-02-05T21:20:32.397+0000] {local_task_job_runner.py:245} INFO - ::endgroup::
